HADOUKEEEN
Uuugh Uuugh...Continue? 10, 9, 8, 7, 6, 5, 4, 3, 2, 1...
Uuugh Uuugh...Continue? 10, 9, 8, 7, 6, 5, 4, 3, 2, 1...
HADOUKEEEN
HADOUKEEEN
Uuugh Uuugh...Continue? 10, 9, 8, 7, 6, 5, 4, 3, 2, 1...
Uuugh Uuugh...Continue? 10, 9, 8, 7, 6, 5, 4, 3, 2, 1...
Uuugh Uuugh...Continue? 10, 9, 8, 7, 6, 5, 4, 3, 2, 1...
Uuugh Uuugh...Continue? 10, 9, 8, 7, 6, 5, 4, 3, 2, 1...
HADOUKEEEN
HADOUKEEEN
Uuugh Uuugh...Continue? 10, 9, 8, 7, 6, 5, 4, 3, 2, 1...
Uuugh Uuugh...Continue? 10, 9, 8, 7, 6, 5, 4, 3, 2, 1...
Uuugh Uuugh...Continue? 10, 9, 8, 7, 6, 5, 4, 3, 2, 1...
Uuugh Uuugh...Continue? 10, 9, 8, 7, 6, 5, 4, 3, 2, 1...
HADOUKEEEN
HADOUKEEEN
HADOUKEEEN
Uuugh Uuugh...Continue? 10, 9, 8, 7, 6, 5, 4, 3, 2, 1...
HADOUKEEEN
HADOUKEEEN
Uuugh Uuugh...Continue? 10, 9, 8, 7, 6, 5, 4, 3, 2, 1...
HADOUKEEEN
HADOUKEEEN
HADOUKEEEN
HADOUKEEEN
HADOUKEEEN
HADOUKEEEN
HADOUKEEEN
HADOUKEEEN
HADOUKEEEN
Uuugh Uuugh...Continue? 10, 9, 8, 7, 6, 5, 4, 3, 2, 1...
Uuugh Uuugh...Continue? 10, 9, 8, 7, 6, 5, 4, 3, 2, 1...
Uuugh Uuugh...Continue? 10, 9, 8, 7, 6, 5, 4, 3, 2, 1...
HADOUKEEEN
HADOUKEEEN
Uuugh Uuugh...Continue? 10, 9, 8, 7, 6, 5, 4, 3, 2, 1...
Uuugh Uuugh...Continue? 10, 9, 8, 7, 6, 5, 4, 3, 2, 1...
HADOUKEEEN
HADOUKEEEN
Para de apertar qualquer coisa noob
Para de apertar qualquer coisa noob
HADOUKEEEN
Para de apertar qualquer coisa noob
Para de apertar qualquer coisa noob
Para de apertar qualquer coisa noob
Para de apertar qualquer coisa noob
Para de apertar qualquer coisa noob
Para de apertar qualquer coisa noob
Para de apertar qualquer coisa noob
